capacitor-mapbox/android/build/intermediates/manifest_merge_blame_file/debug/manifest-merger-blame-debug-report.txt
1<?xml version="1.0" encoding="utf-8"?>
2<manifest xmlns:android="http://schemas.android.com/apk/res/android"
3    package="com.ionicframework.cap.mapbox.capacitormapbox"
4    android:versionCode="1"
5    android:versionName="1.0" >
6
7    <uses-sdk
8        android:minSdkVersion="21"
8-->src\main\AndroidManifest.xml
9        android:targetSdkVersion="29" />
9-->src\main\AndroidManifest.xml
10
11    <application>
11-->src\main\AndroidManifest.xml:5:5-14:19
12        <activity
12-->src\main\AndroidManifest.xml:6:7-13:18
13            android:name="com.ionicframework.cap.mapbox.MapBoxActivity"
13-->src\main\AndroidManifest.xml:7:11-70
14            android:configChanges="orientation|keyboardHidden|screenSize" >
14-->src\main\AndroidManifest.xml:8:11-72
15            <intent-filter>
15-->src\main\AndroidManifest.xml:9:9-12:25
16                <action android:name="com.netty.prof.MapBoxActivity" />
16-->src\main\AndroidManifest.xml:10:11-65
16-->src\main\AndroidManifest.xml:10:19-63
17
18                <category android:name="android.intent.category.DEFAULT" />
18-->src\main\AndroidManifest.xml:11:11-69
18-->src\main\AndroidManifest.xml:11:21-67
19            </intent-filter>
20        </activity>
21    </application>
22
23</manifest>